# JRE version: Java(TM) SE Runtime Environment (8.0_121-b13) (build 1.8.0_121-b13)
# Java VM: Java HotSpot(TM) 64-Bit Server VM (25.121-b13 mixed mode windows-amd64 compressed oops)
Heap:
 PSYoungGen      total 136192K, used 113935K [0x00000000f5580000, 0x0000000100000000, 0x0000000100000000)
  eden space 123392K, 81% used [0x00000000f5580000,0x00000000fb844b08,0x00000000fce00000)
  from space 12800K, 99% used [0x00000000fce00000,0x00000000fda7f4e0,0x00000000fda80000)
  to   space 15360K, 0% used [0x00000000ff100000,0x00000000ff100000,0x0000000100000000)
 ParOldGen       total 106496K, used 19397K [0x00000000e0000000, 0x00000000e6800000, 0x00000000f5580000)
  object space 106496K, 18% used [0x00000000e0000000,0x00000000e12f1500,0x00000000e6800000)
 Metaspace       used 51039K, capacity 52412K, committed 52608K, reserved 1093632K
  class space    used 7074K, capacity 7428K, committed 7552K, reserved 1048576K
GC Heap History (10 events):
Event: 6.639 GC heap before
{Heap before GC invocations=5 (full 1):
 PSYoungGen      total 70656K, used 65536K [0x00000000f5580000, 0x00000000fdf80000, 0x0000000100000000)
  eden space 65536K, 100% used [0x00000000f5580000,0x00000000f9580000,0x00000000f9580000)
  from space 5120K, 0% used [0x00000000f9580000,0x00000000f9580000,0x00000000f9a80000)
  to   space 5120K, 0% used [0x00000000fda80000,0x00000000fda80000,0x00000000fdf80000)
 ParOldGen       total 70144K, used 11622K [0x00000000e0000000, 0x00000000e4480000, 0x00000000f5580000)
  object space 70144K, 16% used [0x00000000e0000000,0x00000000e0b599e0,0x00000000e4480000)
 Metaspace       used 26149K, capacity 26616K, committed 26880K, reserved 1073152K
  class space    used 3674K, capacity 3822K, committed 3840K, reserved 1048576K
Event: 6.649 GC heap after
Heap after GC invocations=5 (full 1):
 PSYoungGen      total 96768K, used 5112K [0x00000000f5580000, 0x00000000fdf80000, 0x0000000100000000)
  eden space 91648K, 0% used [0x00000000f5580000,0x00000000f5580000,0x00000000faf00000)
  from space 5120K, 99% used [0x00000000fda80000,0x00000000fdf7e220,0x00000000fdf80000)
  to   space 5120K, 0% used [0x00000000fd580000,0x00000000fd580000,0x00000000fda80000)
 ParOldGen       total 70144K, used 13640K [0x00000000e0000000, 0x00000000e4480000, 0x00000000f5580000)
  object space 70144K, 19% used [0x00000000e0000000,0x00000000e0d523a8,0x00000000e4480000)
 Metaspace       used 26149K, capacity 26616K, committed 26880K, reserved 1073152K
  class space    used 3674K, capacity 3822K, committed 3840K, reserved 1048576K
}
Event: 13.644 GC heap before
{Heap before GC invocations=6 (full 1):
 PSYoungGen      total 96768K, used 96760K [0x00000000f5580000, 0x00000000fdf80000, 0x0000000100000000)
  eden space 91648K, 100% used [0x00000000f5580000,0x00000000faf00000,0x00000000faf00000)
  from space 5120K, 99% used [0x00000000fda80000,0x00000000fdf7e220,0x00000000fdf80000)
  to   space 5120K, 0% used [0x00000000fd580000,0x00000000fd580000,0x00000000fda80000)
 ParOldGen       total 70144K, used 13640K [0x00000000e0000000, 0x00000000e4480000, 0x00000000f5580000)
  object space 70144K, 19% used [0x00000000e0000000,0x00000000e0d523a8,0x00000000e4480000)
 Metaspace       used 32091K, capacity 32610K, committed 33024K, reserved 1077248K
  class space    used 4399K, capacity 4565K, committed 4608K, reserved 1048576K
Event: 13.658 GC heap after
Heap after GC invocations=6 (full 1):
 PSYoungGen      total 128000K, used 5098K [0x00000000f5580000, 0x00000000fe680000, 0x0000000100000000)
  eden space 122880K, 0% used [0x00000000f5580000,0x00000000f5580000,0x00000000fcd80000)
  from space 5120K, 99% used [0x00000000fd580000,0x00000000fda7a938,0x00000000fda80000)
  to   space 12288K, 0% used [0x00000000fda80000,0x00000000fda80000,0x00000000fe680000)
 ParOldGen       total 70144K, used 18547K [0x00000000e0000000, 0x00000000e4480000, 0x00000000f5580000)
  object space 70144K, 26% used [0x00000000e0000000,0x00000000e121cd28,0x00000000e4480000)
 Metaspace       used 32091K, capacity 32610K, committed 33024K, reserved 1077248K
  class space    used 4399K, capacity 4565K, committed 4608K, reserved 1048576K
}
Event: 14.313 GC heap before
{Heap before GC invocations=7 (full 1):
 PSYoungGen      total 128000K, used 36053K [0x00000000f5580000, 0x00000000fe680000, 0x0000000100000000)
  eden space 122880K, 25% used [0x00000000f5580000,0x00000000f73bacd8,0x00000000fcd80000)
  from space 5120K, 99% used [0x00000000fd580000,0x00000000fda7a938,0x00000000fda80000)
  to   space 12288K, 0% used [0x00000000fda80000,0x00000000fda80000,0x00000000fe680000)
 ParOldGen       total 70144K, used 18547K [0x00000000e0000000, 0x00000000e4480000, 0x00000000f5580000)
  object space 70144K, 26% used [0x00000000e0000000,0x00000000e121cd28,0x00000000e4480000)
 Metaspace       used 34686K, capacity 35244K, committed 35496K, reserved 1079296K
  class space    used 4722K, capacity 4860K, committed 4864K, reserved 1048576K
Event: 14.325 GC heap after
Heap after GC invocations=7 (full 1):
 PSYoungGen      total 135680K, used 8831K [0x00000000f5580000, 0x0000000100000000, 0x0000000100000000)
  eden space 123392K, 0% used [0x00000000f5580000,0x00000000f5580000,0x00000000fce00000)
  from space 12288K, 71% used [0x00000000fda80000,0x00000000fe31ff68,0x00000000fe680000)
  to   space 12800K, 0% used [0x00000000fce00000,0x00000000fce00000,0x00000000fda80000)
 ParOldGen       total 70144K, used 18555K [0x00000000e0000000, 0x00000000e4480000, 0x00000000f5580000)
  object space 70144K, 26% used [0x00000000e0000000,0x00000000e121ed28,0x00000000e4480000)
 Metaspace       used 34686K, capacity 35244K, committed 35496K, reserved 1079296K
  class space    used 4722K, capacity 4860K, committed 4864K, reserved 1048576K
}
Event: 14.325 GC heap before
{Heap before GC invocations=8 (full 2):
 PSYoungGen      total 135680K, used 8831K [0x00000000f5580000, 0x0000000100000000, 0x0000000100000000)
  eden space 123392K, 0% used [0x00000000f5580000,0x00000000f5580000,0x00000000fce00000)
  from space 12288K, 71% used [0x00000000fda80000,0x00000000fe31ff68,0x00000000fe680000)
  to   space 12800K, 0% used [0x00000000fce00000,0x00000000fce00000,0x00000000fda80000)
 ParOldGen       total 70144K, used 18555K [0x00000000e0000000, 0x00000000e4480000, 0x00000000f5580000)
  object space 70144K, 26% used [0x00000000e0000000,0x00000000e121ed28,0x00000000e4480000)
 Metaspace       used 34686K, capacity 35244K, committed 35496K, reserved 1079296K
  class space    used 4722K, capacity 4860K, committed 4864K, reserved 1048576K
Event: 14.458 GC heap after
Heap after GC invocations=8 (full 2):
 PSYoungGen      total 135680K, used 0K [0x00000000f5580000, 0x0000000100000000, 0x0000000100000000)
  eden space 123392K, 0% used [0x00000000f5580000,0x00000000f5580000,0x00000000fce00000)
  from space 12288K, 0% used [0x00000000fda80000,0x00000000fda80000,0x00000000fe680000)
  to   space 12800K, 0% used [0x00000000fce00000,0x00000000fce00000,0x00000000fda80000)
 ParOldGen       total 106496K, used 18032K [0x00000000e0000000, 0x00000000e6800000, 0x00000000f5580000)
  object space 106496K, 16% used [0x00000000e0000000,0x00000000e119c1b0,0x00000000e6800000)
 Metaspace       used 34686K, capacity 35244K, committed 35496K, reserved 1079296K
  class space    used 4722K, capacity 4860K, committed 4864K, reserved 1048576K
}
Event: 18.924 GC heap before
{Heap before GC invocations=9 (full 2):
 PSYoungGen      total 135680K, used 123392K [0x00000000f5580000, 0x0000000100000000, 0x0000000100000000)
  eden space 123392K, 100% used [0x00000000f5580000,0x00000000fce00000,0x00000000fce00000)
  from space 12288K, 0% used [0x00000000fda80000,0x00000000fda80000,0x00000000fe680000)
  to   space 12800K, 0% used [0x00000000fce00000,0x00000000fce00000,0x00000000fda80000)
 ParOldGen       total 106496K, used 18032K [0x00000000e0000000, 0x00000000e6800000, 0x00000000f5580000)
  object space 106496K, 16% used [0x00000000e0000000,0x00000000e119c1b0,0x00000000e6800000)
 Metaspace       used 44362K, capacity 45468K, committed 45568K, reserved 1089536K
  class space    used 6093K, capacity 6372K, committed 6400K, reserved 1048576K
Event: 18.984 GC heap after
Heap after GC invocations=9 (full 2):
 PSYoungGen      total 136192K, used 12797K [0x00000000f5580000, 0x0000000100000000, 0x0000000100000000)
  eden space 123392K, 0% used [0x00000000f5580000,0x00000000f5580000,0x00000000fce00000)
  from space 12800K, 99% used [0x00000000fce00000,0x00000000fda7f4e0,0x00000000fda80000)
  to   space 15360K, 0% used [0x00000000ff100000,0x00000000ff100000,0x0000000100000000)
 ParOldGen       total 106496K, used 19397K [0x00000000e0000000, 0x00000000e6800000, 0x00000000f5580000)
  object space 106496K, 18% used [0x00000000e0000000,0x00000000e12f1500,0x00000000e6800000)
 Metaspace       used 44362K, capacity 45468K, committed 45568K, reserved 1089536K
  class space    used 6093K, capacity 6372K, committed 6400K, reserved 1048576K
}

